DEBUG 2016-10-26 14:27:31,886: 	 Executing command: 'submit'
DEBUG 2016-10-26 14:27:31,887: 	 Found CRAB cache file /uscms/home/clint/.crab3
DEBUG 2016-10-26 14:27:31,895: 	 Checking credentials
DEBUG 2016-10-26 14:27:31,895: 	 Found proxy file /tmp/x509up_u47334
DEBUG 2016-10-26 14:27:31,895: 	 Getting proxy life time left
DEBUG 2016-10-26 14:27:31,998: 	 Executing : 
 command : voms-proxy-info -file /tmp/x509up_u47334 -timeleft
 output : 84958

 error: 
 retcode : 0
DEBUG 2016-10-26 14:27:32,101: 	 Executing : 
 command : voms-proxy-info -file /tmp/x509up_u47334 -actimeleft
 output : 84957

 error: 
 retcode : 0
DEBUG 2016-10-26 14:27:32,102: 	 Proxy valid for 23:35:58 hours
INFO 2016-10-26 14:27:32,102: 	 Will use CRAB configuration file crab_ttbar.py
DEBUG 2016-10-26 14:27:32,102: 	 Loading CRAB configuration file.
DEBUG 2016-10-26 14:27:35,089: 	 Will use CRAB Analysis plugin (i.e. will run an analysis job type).
DEBUG 2016-10-26 14:27:35,435: 	 Executing : 
 command : openssl x509 -in ~/.globus/usercert.pem -subject -noout
 output : subject= /DC=ch/DC=cern/OU=Organic Units/OU=Users/CN=clint/CN=743396/CN=Clint Allan Richardson

 error: 
 retcode : 0
DEBUG 2016-10-26 14:27:35,436: 	 Checking credentials
DEBUG 2016-10-26 14:27:35,436: 	 Found proxy file /tmp/x509up_u47334
DEBUG 2016-10-26 14:27:35,436: 	 Getting proxy life time left
DEBUG 2016-10-26 14:27:35,539: 	 Executing : 
 command : voms-proxy-info -file /tmp/x509up_u47334 -timeleft
 output : 84954

 error: 
 retcode : 0
DEBUG 2016-10-26 14:27:35,642: 	 Executing : 
 command : voms-proxy-info -file /tmp/x509up_u47334 -actimeleft
 output : 84954

 error: 
 retcode : 0
DEBUG 2016-10-26 14:27:35,643: 	 Proxy valid for 23:35:54 hours
DEBUG 2016-10-26 14:27:35,746: 	 Executing : 
 command : env X509_USER_PROXY=/tmp/x509up_u47334 voms-proxy-info -fqan
 output : /cms/Role=NULL/Capability=NULL
/cms/uscms/Role=NULL/Capability=NULL

 error: 
 retcode : 0
DEBUG 2016-10-26 14:27:36,884: 	 Registering user credentials for server /DC=ch/DC=cern/OU=computers/CN=vocms(045|052|021|031|0118|0118a|0119|0108).cern.ch
DEBUG 2016-10-26 14:27:36,992: 	 Executing : 
 command : openssl x509 -in ~/.globus/usercert.pem -subject -noout
 output : subject= /DC=ch/DC=cern/OU=Organic Units/OU=Users/CN=clint/CN=743396/CN=Clint Allan Richardson

 error: 
 retcode : 0
DEBUG 2016-10-26 14:27:36,992: 	 Getting myproxy life time left for myproxy.cern.ch
DEBUG 2016-10-26 14:27:36,992: 	 Calculating hash of /DC=ch/DC=cern/OU=Organic Units/OU=Users/CN=clint/CN=743396/CN=Clint Allan Richardson_cmsweb.cern.ch for credential name
DEBUG 2016-10-26 14:27:37,997: 	 Executing : 
 command : myproxy-info -l fb146d09c791188c7ffcd8d5092b1e2603361df9 -s myproxy.cern.ch
 output : username: fb146d09c791188c7ffcd8d5092b1e2603361df9
owner: /DC=ch/DC=cern/OU=Organic Units/OU=Users/CN=clint/CN=743396/CN=Clint Allan Richardson
  renewal policy: /DC=ch/DC=cern/OU=computers/CN=vocms(045|052|021|031|0118|0118a|0119|0108).cern.ch
  trusted retrieval policy: /DC=ch/DC=cern/OU=computers/CN=vocms(045|052|021|031|0118|0118a|0119|0108).cern.ch
  timeleft: 695:41:42  (29.0 days)

 error: 
 retcode : 0
DEBUG 2016-10-26 14:27:37,999: 	 Myproxy is valid: 2504502
DEBUG 2016-10-26 14:27:37,999: 	 Command use: submit
DEBUG 2016-10-26 14:27:37,999: 	 Options use: ['-c', 'crab_ttbar.py']
DEBUG 2016-10-26 14:27:39,134: 	 CRABClient version: 3.3.1608
DEBUG 2016-10-26 14:27:39,134: 	 Instance is prod
DEBUG 2016-10-26 14:27:39,134: 	 Server base url is cmsweb.cern.ch
DEBUG 2016-10-26 14:27:39,134: 	 Command url /crabserver/prod/workflow
DEBUG 2016-10-26 14:27:39,134: 	 Started submission
DEBUG 2016-10-26 14:27:39,134: 	 Working on /uscms_data/d3/clint/using_git/JetTagging/CMSSW_8_0_14/src/JetInfo/JetConstAnalyzer/python/crab/crab_projects/crab_JetTagging-TTbar
DEBUG 2016-10-26 14:27:53,951: 	 Loading required information from the environment
DEBUG 2016-10-26 14:27:53,952: 	 Found CMSSW_8_0_14 for slc6_amd64_gcc530 with base /uscms_data/d3/clint/using_git/JetTagging/CMSSW_8_0_14
DEBUG 2016-10-26 14:27:53,965: 	 UNIQUE NAME: tarUUID ed102cc7-e41b-424e-95ca-07fb3bb5088e 
DEBUG 2016-10-26 14:27:53,966: 	 self.config: from WMCore.Configuration import Configuration
config = Configuration()
config.section_('General')
config.General.transferLogs = True
config.General.transferOutputs = True
config.General.workArea = 'crab_projects'
config.General.requestName = 'JetTagging-TTbar'
config.section_('JobType')
config.JobType.psetName = 'JetInfo_TTbar_cfg.py'
config.JobType.pluginName = 'Analysis'
config.section_('Data')
config.Data.inputDataset = '/TT_TuneCUETP8M1_13TeV-powheg-pythia8/RunIISpring16MiniAODv2-PUSpring16_80X_mcRun2_asymptotic_2016_miniAODv2_v0_ext3-v2/MINIAODSIM'
config.Data.unitsPerJob = 1
config.Data.outLFNDirBase = '/store/user/clint/JetTagging/'
config.Data.inputDBS = 'global'
config.Data.splitting = 'FileBased'
config.section_('Site')
config.Site.storageSite = 'T3_US_FNALLPC'
config.section_('User')
config.section_('Debug')

DEBUG 2016-10-26 14:27:53,966: 	 self.config.JobType.psetName: JetInfo_TTbar_cfg.py
INFO 2016-10-26 14:27:53,966: 	 Importing CMSSW configuration JetInfo_TTbar_cfg.py
INFO 2016-10-26 14:27:56,713: 	 Finished importing CMSSW configuration JetInfo_TTbar_cfg.py
DEBUG 2016-10-26 14:27:56,713: 	 Writing CMSSW configuration to /uscms_data/d3/clint/using_git/JetTagging/CMSSW_8_0_14/src/JetInfo/JetConstAnalyzer/python/crab/crab_projects/crab_JetTagging-TTbar/inputs/PSet.py
DEBUG 2016-10-26 14:27:57,244: 	 The following EDM output files will be collected: []
DEBUG 2016-10-26 14:27:57,244: 	 The following TFile output files will be collected: ['JetInfo-TopJets.root']
DEBUG 2016-10-26 14:27:57,244: 	 The following user output files will be collected: []
DEBUG 2016-10-26 14:27:57,244: 	 Loading required information from the environment
DEBUG 2016-10-26 14:27:57,244: 	 Found CMSSW_8_0_14 for slc6_amd64_gcc530 with base /uscms_data/d3/clint/using_git/JetTagging/CMSSW_8_0_14
DEBUG 2016-10-26 14:27:57,244: 	 Making tarball in /uscms_data/d3/clint/using_git/JetTagging/CMSSW_8_0_14/src/JetInfo/JetConstAnalyzer/python/crab/crab_projects/crab_JetTagging-TTbar/inputs/ed102cc7-e41b-424e-95ca-07fb3bb5088edefault.tgz
DEBUG 2016-10-26 14:27:57,403: 	 Checking directory /uscms_data/d3/clint/using_git/JetTagging/CMSSW_8_0_14/lib
DEBUG 2016-10-26 14:27:57,403: 	 Adding directory /uscms_data/d3/clint/using_git/JetTagging/CMSSW_8_0_14/lib to tarball
DEBUG 2016-10-26 14:28:06,480: 	 Checking directory /uscms_data/d3/clint/using_git/JetTagging/CMSSW_8_0_14/biglib
DEBUG 2016-10-26 14:28:06,481: 	 Adding directory /uscms_data/d3/clint/using_git/JetTagging/CMSSW_8_0_14/biglib to tarball
DEBUG 2016-10-26 14:28:06,588: 	 Checking directory /uscms_data/d3/clint/using_git/JetTagging/CMSSW_8_0_14/module
DEBUG 2016-10-26 14:28:08,426: 	 Uploading archive /uscms_data/d3/clint/using_git/JetTagging/CMSSW_8_0_14/src/JetInfo/JetConstAnalyzer/python/crab/crab_projects/crab_JetTagging-TTbar/inputs/ed102cc7-e41b-424e-95ca-07fb3bb5088edefault.tgz to the CRAB cache. Using URI https://cmsweb.cern.ch/crabcache
DEBUG 2016-10-26 14:28:09,906: 	 Loading required information from the environment
DEBUG 2016-10-26 14:28:09,906: 	 Found CMSSW_8_0_14 for slc6_amd64_gcc530 with base /uscms_data/d3/clint/using_git/JetTagging/CMSSW_8_0_14
DEBUG 2016-10-26 14:28:09,906: 	 Making tarball in /uscms_data/d3/clint/using_git/JetTagging/CMSSW_8_0_14/src/JetInfo/JetConstAnalyzer/python/crab/crab_projects/crab_JetTagging-TTbar/inputs/debugFiles.tgz
DEBUG 2016-10-26 14:28:09,910: 	 Uploading archive /uscms_data/d3/clint/using_git/JetTagging/CMSSW_8_0_14/src/JetInfo/JetConstAnalyzer/python/crab/crab_projects/crab_JetTagging-TTbar/inputs/debugFiles.tgz to the CRAB cache. Using URI https://cmsweb.cern.ch/crabcache
DEBUG 2016-10-26 14:28:11,287: 	 Result uploading input files: c4de702e783a519f13c45511d72a91aab80eb9115bd6de46b543604011c5b651.tar.gz 
WARNING 2016-10-26 14:28:11,288: 	 Warning: The following output files will not be published, as they are not EDM files: ['JetInfo-TopJets.root']
INFO 2016-10-26 14:28:11,288: 	 Sending the request to the server
DEBUG 2016-10-26 14:28:11,288: 	 Submitting {'maxjobruntime': 1250, 'extrajdl': [], 'ignorelocality': 0, 'savelogsflag': 1, 'useparent': 0, 'asyncdest': 'T3_US_FNALLPC', 'algoargs': 1, 'cachefilename': 'c4de702e783a519f13c45511d72a91aab80eb9115bd6de46b543604011c5b651.tar.gz', 'numcores': 1, 'addoutputfiles': [], 'generator': 'pythia', 'maxmemory': 2000, 'publishdbsurl': 'https://cmsweb.cern.ch/dbs/prod/phys03/DBSWriter', 'priority': 10, 'jobsw': 'CMSSW_8_0_14', 'edmoutfiles': [], 'userfiles': [], 'primarydataset': '', 'inputdata': '/TT_TuneCUETP8M1_13TeV-powheg-pythia8/RunIISpring16MiniAODv2-PUSpring16_80X_mcRun2_asymptotic_2016_miniAODv2_v0_ext3-v2/MINIAODSIM', 'lfn': '/store/user/clint/JetTagging/', 'dryrun': 0, 'workflow': 'crab_JetTagging-TTbar', 'adduserfiles': [], 'nonprodsw': 0, 'tfileoutfiles': ['JetInfo-TopJets.root'], 'oneEventMode': 0, 'debugfilename': '550065e731e014e566cb98be1c7732385c416baf451113db689a6ce6ddcadf49.tar.gz', 'cacheurl': 'https://cmsweb.cern.ch/crabcache', 'saveoutput': 1, 'publication': 1, 'jobarch': 'slc6_amd64_gcc530', 'totalunits': 0, 'splitalgo': 'FileBased', 'nonvaliddata': 0, 'dbsurl': 'https://cmsweb.cern.ch/dbs/prod/global/DBSReader', 'publishgroupname': 0, 'jobtype': 'Analysis', 'publishname2': ''} 
DEBUG 2016-10-26 14:28:11,288: 	 Encoded submit request: maxjobruntime=1250&ignorelocality=0&savelogsflag=1&useparent=0&asyncdest=T3_US_FNALLPC&algoargs=1&cachefilename=c4de702e783a519f13c45511d72a91aab80eb9115bd6de46b543604011c5b651.tar.gz&numcores=1&generator=pythia&maxmemory=2000&publishdbsurl=https%3A%2F%2Fcmsweb.cern.ch%2Fdbs%2Fprod%2Fphys03%2FDBSWriter&priority=10&jobsw=CMSSW_8_0_14&primarydataset=&inputdata=%2FTT_TuneCUETP8M1_13TeV-powheg-pythia8%2FRunIISpring16MiniAODv2-PUSpring16_80X_mcRun2_asymptotic_2016_miniAODv2_v0_ext3-v2%2FMINIAODSIM&lfn=%2Fstore%2Fuser%2Fclint%2FJetTagging%2F&dryrun=0&workflow=crab_JetTagging-TTbar&nonprodsw=0&oneEventMode=0&debugfilename=550065e731e014e566cb98be1c7732385c416baf451113db689a6ce6ddcadf49.tar.gz&cacheurl=https%3A%2F%2Fcmsweb.cern.ch%2Fcrabcache&saveoutput=1&publication=1&jobarch=slc6_amd64_gcc530&totalunits=0&splitalgo=FileBased&nonvaliddata=0&dbsurl=https%3A%2F%2Fcmsweb.cern.ch%2Fdbs%2Fprod%2Fglobal%2FDBSReader&publishgroupname=0&jobtype=Analysis&publishname2=&tfileoutfiles=JetInfo-TopJets.root
DEBUG 2016-10-26 14:28:18,770: 	 Result: {'result': [{'RequestName': '161026_192812:clint_crab_JetTagging-TTbar'}]}
INFO 2016-10-26 14:28:18,875: 	 Success: Your task has been delivered to the CRAB3 server.
INFO 2016-10-26 14:28:18,875: 	 Task name: 161026_192812:clint_crab_JetTagging-TTbar
INFO 2016-10-26 14:28:18,875: 	 Please use 'crab status' to check how the submission process proceeds.
DEBUG 2016-10-26 14:28:18,876: 	 About to return
INFO 2016-10-26 14:28:18,882: 	 Log file is /uscms_data/d3/clint/using_git/JetTagging/CMSSW_8_0_14/src/JetInfo/JetConstAnalyzer/python/crab/crab_projects/crab_JetTagging-TTbar/crab.log
DEBUG 2016-10-26 14:36:21,513: 	 Executing command: 'status'
DEBUG 2016-10-26 14:36:21,514: 	 Found CRAB cache file /uscms/home/clint/.crab3
DEBUG 2016-10-26 14:36:21,520: 	 Checking credentials
DEBUG 2016-10-26 14:36:21,520: 	 Found proxy file /tmp/x509up_u47334
DEBUG 2016-10-26 14:36:21,521: 	 Getting proxy life time left
DEBUG 2016-10-26 14:36:21,624: 	 Executing : 
 command : voms-proxy-info -file /tmp/x509up_u47334 -timeleft
 output : 84428

 error: 
 retcode : 0
DEBUG 2016-10-26 14:36:21,727: 	 Executing : 
 command : voms-proxy-info -file /tmp/x509up_u47334 -actimeleft
 output : 84428

 error: 
 retcode : 0
DEBUG 2016-10-26 14:36:21,727: 	 Proxy valid for 23:27:08 hours
DEBUG 2016-10-26 14:36:21,839: 	 Executing : 
 command : openssl x509 -in ~/.globus/usercert.pem -subject -noout
 output : subject= /DC=ch/DC=cern/OU=Organic Units/OU=Users/CN=clint/CN=743396/CN=Clint Allan Richardson

 error: 
 retcode : 0
DEBUG 2016-10-26 14:36:21,840: 	 Checking credentials
DEBUG 2016-10-26 14:36:21,840: 	 Found proxy file /tmp/x509up_u47334
DEBUG 2016-10-26 14:36:21,840: 	 Getting proxy life time left
DEBUG 2016-10-26 14:36:21,943: 	 Executing : 
 command : voms-proxy-info -file /tmp/x509up_u47334 -timeleft
 output : 84428

 error: 
 retcode : 0
DEBUG 2016-10-26 14:36:22,046: 	 Executing : 
 command : voms-proxy-info -file /tmp/x509up_u47334 -actimeleft
 output : 84428

 error: 
 retcode : 0
DEBUG 2016-10-26 14:36:22,046: 	 Proxy valid for 23:27:08 hours
DEBUG 2016-10-26 14:36:23,180: 	 Registering user credentials for server /DC=ch/DC=cern/OU=computers/CN=vocms(045|052|021|031|0118|0118a|0119|0108).cern.ch
DEBUG 2016-10-26 14:36:23,287: 	 Executing : 
 command : openssl x509 -in ~/.globus/usercert.pem -subject -noout
 output : subject= /DC=ch/DC=cern/OU=Organic Units/OU=Users/CN=clint/CN=743396/CN=Clint Allan Richardson

 error: 
 retcode : 0
DEBUG 2016-10-26 14:36:23,288: 	 Getting myproxy life time left for myproxy.cern.ch
DEBUG 2016-10-26 14:36:23,288: 	 Calculating hash of /DC=ch/DC=cern/OU=Organic Units/OU=Users/CN=clint/CN=743396/CN=Clint Allan Richardson_cmsweb.cern.ch for credential name
DEBUG 2016-10-26 14:36:24,292: 	 Executing : 
 command : myproxy-info -l fb146d09c791188c7ffcd8d5092b1e2603361df9 -s myproxy.cern.ch
 output : username: fb146d09c791188c7ffcd8d5092b1e2603361df9
owner: /DC=ch/DC=cern/OU=Organic Units/OU=Users/CN=clint/CN=743396/CN=Clint Allan Richardson
  renewal policy: /DC=ch/DC=cern/OU=computers/CN=vocms(045|052|021|031|0118|0118a|0119|0108).cern.ch
  trusted retrieval policy: /DC=ch/DC=cern/OU=computers/CN=vocms(045|052|021|031|0118|0118a|0119|0108).cern.ch
  timeleft: 695:32:55  (29.0 days)

 error: 
 retcode : 0
DEBUG 2016-10-26 14:36:24,294: 	 Myproxy is valid: 2503975
DEBUG 2016-10-26 14:36:24,294: 	 Command use: status
DEBUG 2016-10-26 14:36:24,294: 	 Options use: ['-d', 'crab_projects/crab_JetTagging-TTbar/']
DEBUG 2016-10-26 14:36:25,402: 	 CRABClient version: 3.3.1608
DEBUG 2016-10-26 14:36:25,402: 	 Instance is prod
DEBUG 2016-10-26 14:36:25,403: 	 Server base url is cmsweb.cern.ch
DEBUG 2016-10-26 14:36:25,403: 	 Command url /crabserver/prod/workflow
DEBUG 2016-10-26 14:36:25,403: 	 Looking up detailed status of task 161026_192812:clint_crab_JetTagging-TTbar
DEBUG 2016-10-26 14:36:27,540: 	 {'status': 'SUBMITTED', 'username': 'clint', 'jobsPerStatus': {'idle': 715}, 'jobs': {'199': {'State': 'idle'}, '198': {'State': 'idle'}, '344': {'State': 'idle'}, '345': {'State': 'idle'}, '346': {'State': 'idle'}, '347': {'State': 'idle'}, '340': {'State': 'idle'}, '341': {'State': 'idle'}, '342': {'State': 'idle'}, '343': {'State': 'idle'}, '348': {'State': 'idle'}, '349': {'State': 'idle'}, '715': {'State': 'idle'}, '714': {'State': 'idle'}, '713': {'State': 'idle'}, '712': {'State': 'idle'}, '711': {'State': 'idle'}, '710': {'State': 'idle'}, '129': {'State': 'idle'}, '619': {'State': 'idle'}, '298': {'State': 'idle'}, '299': {'State': 'idle'}, '296': {'State': 'idle'}, '297': {'State': 'idle'}, '294': {'State': 'idle'}, '295': {'State': 'idle'}, '292': {'State': 'idle'}, '293': {'State': 'idle'}, '290': {'State': 'idle'}, '291': {'State': 'idle'}, '591': {'State': 'idle'}, '590': {'State': 'idle'}, '593': {'State': 'idle'}, '592': {'State': 'idle'}, '595': {'State': 'idle'}, '594': {'State': 'idle'}, '597': {'State': 'idle'}, '596': {'State': 'idle'}, '195': {'State': 'idle'}, '194': {'State': 'idle'}, '197': {'State': 'idle'}, '196': {'State': 'idle'}, '191': {'State': 'idle'}, '190': {'State': 'idle'}, '193': {'State': 'idle'}, '192': {'State': 'idle'}, '270': {'State': 'idle'}, '271': {'State': 'idle'}, '272': {'State': 'idle'}, '273': {'State': 'idle'}, '274': {'State': 'idle'}, '275': {'State': 'idle'}, '276': {'State': 'idle'}, '277': {'State': 'idle'}, '278': {'State': 'idle'}, '279': {'State': 'idle'}, '524': {'State': 'idle'}, '525': {'State': 'idle'}, '526': {'State': 'idle'}, '527': {'State': 'idle'}, '520': {'State': 'idle'}, '521': {'State': 'idle'}, '522': {'State': 'idle'}, '523': {'State': 'idle'}, '528': {'State': 'idle'}, '529': {'State': 'idle'}, '449': {'State': 'idle'}, '448': {'State': 'idle'}, '443': {'State': 'idle'}, '442': {'State': 'idle'}, '441': {'State': 'idle'}, '440': {'State': 'idle'}, '447': {'State': 'idle'}, '446': {'State': 'idle'}, '445': {'State': 'idle'}, '444': {'State': 'idle'}, '108': {'State': 'idle'}, '109': {'State': 'idle'}, '102': {'State': 'idle'}, '103': {'State': 'idle'}, '100': {'State': 'idle'}, '101': {'State': 'idle'}, '106': {'State': 'idle'}, '107': {'State': 'idle'}, '104': {'State': 'idle'}, '105': {'State': 'idle'}, '39': {'State': 'idle'}, '38': {'State': 'idle'}, '33': {'State': 'idle'}, '32': {'State': 'idle'}, '31': {'State': 'idle'}, '30': {'State': 'idle'}, '37': {'State': 'idle'}, '36': {'State': 'idle'}, '35': {'State': 'idle'}, '34': {'State': 'idle'}, '641': {'State': 'idle'}, '640': {'State': 'idle'}, '643': {'State': 'idle'}, '642': {'State': 'idle'}, '645': {'State': 'idle'}, '644': {'State': 'idle'}, '438': {'State': 'idle'}, '439': {'State': 'idle'}, '436': {'State': 'idle'}, '437': {'State': 'idle'}, '434': {'State': 'idle'}, '435': {'State': 'idle'}, '432': {'State': 'idle'}, '433': {'State': 'idle'}, '430': {'State': 'idle'}, '431': {'State': 'idle'}, '339': {'State': 'idle'}, '338': {'State': 'idle'}, '335': {'State': 'idle'}, '334': {'State': 'idle'}, '337': {'State': 'idle'}, '336': {'State': 'idle'}, '331': {'State': 'idle'}, '330': {'State': 'idle'}, '333': {'State': 'idle'}, '332': {'State': 'idle'}, '6': {'State': 'idle'}, '99': {'State': 'idle'}, '98': {'State': 'idle'}, '91': {'State': 'idle'}, '90': {'State': 'idle'}, '93': {'State': 'idle'}, '92': {'State': 'idle'}, '95': {'State': 'idle'}, '94': {'State': 'idle'}, '97': {'State': 'idle'}, '96': {'State': 'idle'}, '153': {'State': 'idle'}, '559': {'State': 'idle'}, '558': {'State': 'idle'}, '555': {'State': 'idle'}, '554': {'State': 'idle'}, '557': {'State': 'idle'}, '556': {'State': 'idle'}, '551': {'State': 'idle'}, '550': {'State': 'idle'}, '553': {'State': 'idle'}, '552': {'State': 'idle'}, '238': {'State': 'idle'}, '239': {'State': 'idle'}, '234': {'State': 'idle'}, '235': {'State': 'idle'}, '236': {'State': 'idle'}, '237': {'State': 'idle'}, '230': {'State': 'idle'}, '231': {'State': 'idle'}, '232': {'State': 'idle'}, '233': {'State': 'idle'}, '1': {'State': 'idle'}, '614': {'State': 'idle'}, '155': {'State': 'idle'}, '146': {'State': 'idle'}, '147': {'State': 'idle'}, '618': {'State': 'idle'}, '145': {'State': 'idle'}, '142': {'State': 'idle'}, '143': {'State': 'idle'}, '140': {'State': 'idle'}, '141': {'State': 'idle'}, '612': {'State': 'idle'}, '613': {'State': 'idle'}, '610': {'State': 'idle'}, '611': {'State': 'idle'}, '616': {'State': 'idle'}, '617': {'State': 'idle'}, '148': {'State': 'idle'}, '149': {'State': 'idle'}, '154': {'State': 'idle'}, '689': {'State': 'idle'}, '688': {'State': 'idle'}, '685': {'State': 'idle'}, '684': {'State': 'idle'}, '687': {'State': 'idle'}, '686': {'State': 'idle'}, '681': {'State': 'idle'}, '680': {'State': 'idle'}, '683': {'State': 'idle'}, '682': {'State': 'idle'}, '623': {'State': 'idle'}, '622': {'State': 'idle'}, '133': {'State': 'idle'}, '132': {'State': 'idle'}, '131': {'State': 'idle'}, '130': {'State': 'idle'}, '137': {'State': 'idle'}, '136': {'State': 'idle'}, '135': {'State': 'idle'}, '134': {'State': 'idle'}, '494': {'State': 'idle'}, '495': {'State': 'idle'}, '139': {'State': 'idle'}, '138': {'State': 'idle'}, '490': {'State': 'idle'}, '491': {'State': 'idle'}, '492': {'State': 'idle'}, '493': {'State': 'idle'}, '24': {'State': 'idle'}, '25': {'State': 'idle'}, '26': {'State': 'idle'}, '27': {'State': 'idle'}, '20': {'State': 'idle'}, '21': {'State': 'idle'}, '22': {'State': 'idle'}, '23': {'State': 'idle'}, '28': {'State': 'idle'}, '29': {'State': 'idle'}, '407': {'State': 'idle'}, '406': {'State': 'idle'}, '405': {'State': 'idle'}, '404': {'State': 'idle'}, '403': {'State': 'idle'}, '402': {'State': 'idle'}, '401': {'State': 'idle'}, '400': {'State': 'idle'}, '629': {'State': 'idle'}, '409': {'State': 'idle'}, '408': {'State': 'idle'}, '628': {'State': 'idle'}, '183': {'State': 'idle'}, '379': {'State': 'idle'}, '378': {'State': 'idle'}, '371': {'State': 'idle'}, '370': {'State': 'idle'}, '373': {'State': 'idle'}, '372': {'State': 'idle'}, '375': {'State': 'idle'}, '374': {'State': 'idle'}, '377': {'State': 'idle'}, '376': {'State': 'idle'}, '708': {'State': 'idle'}, '709': {'State': 'idle'}, '704': {'State': 'idle'}, '705': {'State': 'idle'}, '706': {'State': 'idle'}, '707': {'State': 'idle'}, '700': {'State': 'idle'}, '144': {'State': 'idle'}, '702': {'State': 'idle'}, '703': {'State': 'idle'}, '393': {'State': 'idle'}, '392': {'State': 'idle'}, '88': {'State': 'idle'}, '89': {'State': 'idle'}, '397': {'State': 'idle'}, '396': {'State': 'idle'}, '395': {'State': 'idle'}, '394': {'State': 'idle'}, '82': {'State': 'idle'}, '83': {'State': 'idle'}, '80': {'State': 'idle'}, '81': {'State': 'idle'}, '86': {'State': 'idle'}, '87': {'State': 'idle'}, '84': {'State': 'idle'}, '85': {'State': 'idle'}, '7': {'State': 'idle'}, '586': {'State': 'idle'}, '587': {'State': 'idle'}, '584': {'State': 'idle'}, '585': {'State': 'idle'}, '582': {'State': 'idle'}, '583': {'State': 'idle'}, '580': {'State': 'idle'}, '581': {'State': 'idle'}, '588': {'State': 'idle'}, '589': {'State': 'idle'}, '245': {'State': 'idle'}, '244': {'State': 'idle'}, '247': {'State': 'idle'}, '246': {'State': 'idle'}, '241': {'State': 'idle'}, '240': {'State': 'idle'}, '243': {'State': 'idle'}, '242': {'State': 'idle'}, '615': {'State': 'idle'}, '249': {'State': 'idle'}, '248': {'State': 'idle'}, '519': {'State': 'idle'}, '518': {'State': 'idle'}, '511': {'State': 'idle'}, '510': {'State': 'idle'}, '513': {'State': 'idle'}, '512': {'State': 'idle'}, '515': {'State': 'idle'}, '514': {'State': 'idle'}, '517': {'State': 'idle'}, '516': {'State': 'idle'}, '458': {'State': 'idle'}, '459': {'State': 'idle'}, '621': {'State': 'idle'}, '620': {'State': 'idle'}, '627': {'State': 'idle'}, '626': {'State': 'idle'}, '625': {'State': 'idle'}, '624': {'State': 'idle'}, '450': {'State': 'idle'}, '451': {'State': 'idle'}, '452': {'State': 'idle'}, '453': {'State': 'idle'}, '454': {'State': 'idle'}, '455': {'State': 'idle'}, '456': {'State': 'idle'}, '457': {'State': 'idle'}, '179': {'State': 'idle'}, '178': {'State': 'idle'}, '177': {'State': 'idle'}, '176': {'State': 'idle'}, '175': {'State': 'idle'}, '174': {'State': 'idle'}, '173': {'State': 'idle'}, '172': {'State': 'idle'}, '171': {'State': 'idle'}, '170': {'State': 'idle'}, '656': {'State': 'idle'}, '657': {'State': 'idle'}, '654': {'State': 'idle'}, '182': {'State': 'idle'}, '599': {'State': 'idle'}, '180': {'State': 'idle'}, '181': {'State': 'idle'}, '186': {'State': 'idle'}, '653': {'State': 'idle'}, '184': {'State': 'idle'}, '185': {'State': 'idle'}, '652': {'State': 'idle'}, '188': {'State': 'idle'}, '189': {'State': 'idle'}, '658': {'State': 'idle'}, '187': {'State': 'idle'}, '650': {'State': 'idle'}, '651': {'State': 'idle'}, '11': {'State': 'idle'}, '10': {'State': 'idle'}, '13': {'State': 'idle'}, '12': {'State': 'idle'}, '15': {'State': 'idle'}, '14': {'State': 'idle'}, '17': {'State': 'idle'}, '16': {'State': 'idle'}, '19': {'State': 'idle'}, '18': {'State': 'idle'}, '659': {'State': 'idle'}, '322': {'State': 'idle'}, '323': {'State': 'idle'}, '320': {'State': 'idle'}, '321': {'State': 'idle'}, '326': {'State': 'idle'}, '327': {'State': 'idle'}, '324': {'State': 'idle'}, '325': {'State': 'idle'}, '328': {'State': 'idle'}, '329': {'State': 'idle'}, '201': {'State': 'idle'}, '200': {'State': 'idle'}, '203': {'State': 'idle'}, '202': {'State': 'idle'}, '205': {'State': 'idle'}, '204': {'State': 'idle'}, '207': {'State': 'idle'}, '206': {'State': 'idle'}, '209': {'State': 'idle'}, '208': {'State': 'idle'}, '77': {'State': 'idle'}, '76': {'State': 'idle'}, '75': {'State': 'idle'}, '74': {'State': 'idle'}, '73': {'State': 'idle'}, '72': {'State': 'idle'}, '71': {'State': 'idle'}, '70': {'State': 'idle'}, '655': {'State': 'idle'}, '567': {'State': 'idle'}, '79': {'State': 'idle'}, '78': {'State': 'idle'}, '669': {'State': 'idle'}, '668': {'State': 'idle'}, '667': {'State': 'idle'}, '666': {'State': 'idle'}, '665': {'State': 'idle'}, '664': {'State': 'idle'}, '663': {'State': 'idle'}, '662': {'State': 'idle'}, '661': {'State': 'idle'}, '660': {'State': 'idle'}, '692': {'State': 'idle'}, '693': {'State': 'idle'}, '690': {'State': 'idle'}, '691': {'State': 'idle'}, '696': {'State': 'idle'}, '697': {'State': 'idle'}, '694': {'State': 'idle'}, '695': {'State': 'idle'}, '698': {'State': 'idle'}, '699': {'State': 'idle'}, '542': {'State': 'idle'}, '543': {'State': 'idle'}, '540': {'State': 'idle'}, '541': {'State': 'idle'}, '546': {'State': 'idle'}, '547': {'State': 'idle'}, '544': {'State': 'idle'}, '545': {'State': 'idle'}, '8': {'State': 'idle'}, '548': {'State': 'idle'}, '549': {'State': 'idle'}, '598': {'State': 'idle'}, '120': {'State': 'idle'}, '121': {'State': 'idle'}, '122': {'State': 'idle'}, '123': {'State': 'idle'}, '124': {'State': 'idle'}, '125': {'State': 'idle'}, '126': {'State': 'idle'}, '127': {'State': 'idle'}, '128': {'State': 'idle'}, '2': {'State': 'idle'}, '414': {'State': 'idle'}, '415': {'State': 'idle'}, '416': {'State': 'idle'}, '417': {'State': 'idle'}, '410': {'State': 'idle'}, '411': {'State': 'idle'}, '412': {'State': 'idle'}, '413': {'State': 'idle'}, '498': {'State': 'idle'}, '418': {'State': 'idle'}, '419': {'State': 'idle'}, '499': {'State': 'idle'}, '319': {'State': 'idle'}, '318': {'State': 'idle'}, '313': {'State': 'idle'}, '312': {'State': 'idle'}, '311': {'State': 'idle'}, '310': {'State': 'idle'}, '317': {'State': 'idle'}, '316': {'State': 'idle'}, '315': {'State': 'idle'}, '314': {'State': 'idle'}, '496': {'State': 'idle'}, '497': {'State': 'idle'}, '3': {'State': 'idle'}, '368': {'State': 'idle'}, '369': {'State': 'idle'}, '366': {'State': 'idle'}, '367': {'State': 'idle'}, '364': {'State': 'idle'}, '365': {'State': 'idle'}, '362': {'State': 'idle'}, '363': {'State': 'idle'}, '360': {'State': 'idle'}, '361': {'State': 'idle'}, '380': {'State': 'idle'}, '381': {'State': 'idle'}, '382': {'State': 'idle'}, '383': {'State': 'idle'}, '384': {'State': 'idle'}, '385': {'State': 'idle'}, '386': {'State': 'idle'}, '387': {'State': 'idle'}, '388': {'State': 'idle'}, '389': {'State': 'idle'}, '151': {'State': 'idle'}, '579': {'State': 'idle'}, '578': {'State': 'idle'}, '150': {'State': 'idle'}, '573': {'State': 'idle'}, '572': {'State': 'idle'}, '571': {'State': 'idle'}, '570': {'State': 'idle'}, '577': {'State': 'idle'}, '576': {'State': 'idle'}, '575': {'State': 'idle'}, '574': {'State': 'idle'}, '60': {'State': 'idle'}, '61': {'State': 'idle'}, '62': {'State': 'idle'}, '259': {'State': 'idle'}, '64': {'State': 'idle'}, '65': {'State': 'idle'}, '66': {'State': 'idle'}, '67': {'State': 'idle'}, '68': {'State': 'idle'}, '253': {'State': 'idle'}, '250': {'State': 'idle'}, '251': {'State': 'idle'}, '256': {'State': 'idle'}, '257': {'State': 'idle'}, '254': {'State': 'idle'}, '255': {'State': 'idle'}, '157': {'State': 'idle'}, '156': {'State': 'idle'}, '508': {'State': 'idle'}, '509': {'State': 'idle'}, '506': {'State': 'idle'}, '507': {'State': 'idle'}, '504': {'State': 'idle'}, '505': {'State': 'idle'}, '502': {'State': 'idle'}, '503': {'State': 'idle'}, '500': {'State': 'idle'}, '501': {'State': 'idle'}, '630': {'State': 'idle'}, '631': {'State': 'idle'}, '632': {'State': 'idle'}, '633': {'State': 'idle'}, '469': {'State': 'idle'}, '468': {'State': 'idle'}, '636': {'State': 'idle'}, '637': {'State': 'idle'}, '465': {'State': 'idle'}, '464': {'State': 'idle'}, '467': {'State': 'idle'}, '466': {'State': 'idle'}, '461': {'State': 'idle'}, '460': {'State': 'idle'}, '463': {'State': 'idle'}, '462': {'State': 'idle'}, '168': {'State': 'idle'}, '169': {'State': 'idle'}, '164': {'State': 'idle'}, '165': {'State': 'idle'}, '166': {'State': 'idle'}, '167': {'State': 'idle'}, '160': {'State': 'idle'}, '161': {'State': 'idle'}, '162': {'State': 'idle'}, '163': {'State': 'idle'}, '9': {'State': 'idle'}, '647': {'State': 'idle'}, '646': {'State': 'idle'}, '649': {'State': 'idle'}, '648': {'State': 'idle'}, '357': {'State': 'idle'}, '356': {'State': 'idle'}, '355': {'State': 'idle'}, '354': {'State': 'idle'}, '353': {'State': 'idle'}, '352': {'State': 'idle'}, '351': {'State': 'idle'}, '350': {'State': 'idle'}, '359': {'State': 'idle'}, '358': {'State': 'idle'}, '216': {'State': 'idle'}, '217': {'State': 'idle'}, '214': {'State': 'idle'}, '215': {'State': 'idle'}, '212': {'State': 'idle'}, '213': {'State': 'idle'}, '210': {'State': 'idle'}, '211': {'State': 'idle'}, '218': {'State': 'idle'}, '219': {'State': 'idle'}, '289': {'State': 'idle'}, '288': {'State': 'idle'}, '4': {'State': 'idle'}, '281': {'State': 'idle'}, '280': {'State': 'idle'}, '283': {'State': 'idle'}, '282': {'State': 'idle'}, '285': {'State': 'idle'}, '284': {'State': 'idle'}, '287': {'State': 'idle'}, '286': {'State': 'idle'}, '678': {'State': 'idle'}, '679': {'State': 'idle'}, '674': {'State': 'idle'}, '675': {'State': 'idle'}, '676': {'State': 'idle'}, '677': {'State': 'idle'}, '670': {'State': 'idle'}, '671': {'State': 'idle'}, '672': {'State': 'idle'}, '673': {'State': 'idle'}, '263': {'State': 'idle'}, '262': {'State': 'idle'}, '261': {'State': 'idle'}, '260': {'State': 'idle'}, '267': {'State': 'idle'}, '266': {'State': 'idle'}, '265': {'State': 'idle'}, '264': {'State': 'idle'}, '269': {'State': 'idle'}, '268': {'State': 'idle'}, '59': {'State': 'idle'}, '58': {'State': 'idle'}, '55': {'State': 'idle'}, '54': {'State': 'idle'}, '57': {'State': 'idle'}, '56': {'State': 'idle'}, '51': {'State': 'idle'}, '258': {'State': 'idle'}, '53': {'State': 'idle'}, '52': {'State': 'idle'}, '537': {'State': 'idle'}, '536': {'State': 'idle'}, '535': {'State': 'idle'}, '63': {'State': 'idle'}, '533': {'State': 'idle'}, '532': {'State': 'idle'}, '531': {'State': 'idle'}, '530': {'State': 'idle'}, '152': {'State': 'idle'}, '539': {'State': 'idle'}, '538': {'State': 'idle'}, '50': {'State': 'idle'}, '115': {'State': 'idle'}, '252': {'State': 'idle'}, '117': {'State': 'idle'}, '116': {'State': 'idle'}, '111': {'State': 'idle'}, '110': {'State': 'idle'}, '113': {'State': 'idle'}, '69': {'State': 'idle'}, '119': {'State': 'idle'}, '118': {'State': 'idle'}, '429': {'State': 'idle'}, '428': {'State': 'idle'}, '534': {'State': 'idle'}, '421': {'State': 'idle'}, '420': {'State': 'idle'}, '423': {'State': 'idle'}, '422': {'State': 'idle'}, '425': {'State': 'idle'}, '424': {'State': 'idle'}, '427': {'State': 'idle'}, '426': {'State': 'idle'}, '308': {'State': 'idle'}, '309': {'State': 'idle'}, '300': {'State': 'idle'}, '301': {'State': 'idle'}, '302': {'State': 'idle'}, '303': {'State': 'idle'}, '304': {'State': 'idle'}, '305': {'State': 'idle'}, '306': {'State': 'idle'}, '307': {'State': 'idle'}, '568': {'State': 'idle'}, '569': {'State': 'idle'}, '560': {'State': 'idle'}, '561': {'State': 'idle'}, '562': {'State': 'idle'}, '563': {'State': 'idle'}, '564': {'State': 'idle'}, '565': {'State': 'idle'}, '566': {'State': 'idle'}, '701': {'State': 'idle'}, '229': {'State': 'idle'}, '228': {'State': 'idle'}, '227': {'State': 'idle'}, '226': {'State': 'idle'}, '225': {'State': 'idle'}, '224': {'State': 'idle'}, '223': {'State': 'idle'}, '222': {'State': 'idle'}, '221': {'State': 'idle'}, '220': {'State': 'idle'}, '114': {'State': 'idle'}, '391': {'State': 'idle'}, '390': {'State': 'idle'}, '605': {'State': 'idle'}, '604': {'State': 'idle'}, '607': {'State': 'idle'}, '606': {'State': 'idle'}, '601': {'State': 'idle'}, '600': {'State': 'idle'}, '603': {'State': 'idle'}, '602': {'State': 'idle'}, '159': {'State': 'idle'}, '158': {'State': 'idle'}, '112': {'State': 'idle'}, '609': {'State': 'idle'}, '608': {'State': 'idle'}, '634': {'State': 'idle'}, '399': {'State': 'idle'}, '635': {'State': 'idle'}, '398': {'State': 'idle'}, '48': {'State': 'idle'}, '49': {'State': 'idle'}, '46': {'State': 'idle'}, '47': {'State': 'idle'}, '44': {'State': 'idle'}, '45': {'State': 'idle'}, '42': {'State': 'idle'}, '43': {'State': 'idle'}, '40': {'State': 'idle'}, '41': {'State': 'idle'}, '638': {'State': 'idle'}, '5': {'State': 'idle'}, '639': {'State': 'idle'}, '489': {'State': 'idle'}, '488': {'State': 'idle'}, '487': {'State': 'idle'}, '486': {'State': 'idle'}, '485': {'State': 'idle'}, '484': {'State': 'idle'}, '483': {'State': 'idle'}, '482': {'State': 'idle'}, '481': {'State': 'idle'}, '480': {'State': 'idle'}, '472': {'State': 'idle'}, '473': {'State': 'idle'}, '470': {'State': 'idle'}, '471': {'State': 'idle'}, '476': {'State': 'idle'}, '477': {'State': 'idle'}, '474': {'State': 'idle'}, '475': {'State': 'idle'}, '478': {'State': 'idle'}, '479': {'State': 'idle'}}, 'publication': {}, 'taskWarningMsg': [], 'schedd': 'crab3@vocms0106.cern.ch', 'publicationFailures': {}, 'outdatasets': None, 'statusFailureMsg': '', 'taskFailureMsg': '', 'failedJobdefs': 0, 'ASOURL': 'https://cmsweb.cern.ch/couchdb2', 'command': 'SUBMIT', 'totalJobdefs': 0, 'submissionTime': 1477510098, 'jobdefErrors': [], 'collector': 'cmsgwms-collector-global.cern.ch,cmssrv221.fnal.gov', 'jobList': [['idle', 344], ['idle', 345], ['idle', 346], ['idle', 347], ['idle', 340], ['idle', 341], ['idle', 342], ['idle', 343], ['idle', 348], ['idle', 349], ['idle', 595], ['idle', 715], ['idle', 714], ['idle', 713], ['idle', 712], ['idle', 711], ['idle', 710], ['idle', 606], ['idle', 594], ['idle', 619], ['idle', 298], ['idle', 299], ['idle', 296], ['idle', 297], ['idle', 294], ['idle', 295], ['idle', 292], ['idle', 293], ['idle', 290], ['idle', 291], ['idle', 591], ['idle', 590], ['idle', 593], ['idle', 592], ['idle', 199], ['idle', 198], ['idle', 597], ['idle', 596], ['idle', 195], ['idle', 194], ['idle', 197], ['idle', 196], ['idle', 191], ['idle', 190], ['idle', 193], ['idle', 192], ['idle', 270], ['idle', 271], ['idle', 272], ['idle', 273], ['idle', 274], ['idle', 275], ['idle', 276], ['idle', 277], ['idle', 278], ['idle', 279], ['idle', 524], ['idle', 525], ['idle', 526], ['idle', 527], ['idle', 520], ['idle', 521], ['idle', 522], ['idle', 523], ['idle', 599], ['idle', 528], ['idle', 529], ['idle', 449], ['idle', 448], ['idle', 443], ['idle', 442], ['idle', 441], ['idle', 440], ['idle', 447], ['idle', 446], ['idle', 445], ['idle', 444], ['idle', 108], ['idle', 109], ['idle', 102], ['idle', 103], ['idle', 100], ['idle', 101], ['idle', 106], ['idle', 107], ['idle', 104], ['idle', 105], ['idle', 39], ['idle', 38], ['idle', 33], ['idle', 32], ['idle', 31], ['idle', 30], ['idle', 37], ['idle', 36], ['idle', 35], ['idle', 34], ['idle', 641], ['idle', 640], ['idle', 643], ['idle', 642], ['idle', 645], ['idle', 644], ['idle', 438], ['idle', 439], ['idle', 436], ['idle', 437], ['idle', 434], ['idle', 435], ['idle', 432], ['idle', 433], ['idle', 430], ['idle', 431], ['idle', 339], ['idle', 338], ['idle', 335], ['idle', 334], ['idle', 337], ['idle', 336], ['idle', 331], ['idle', 330], ['idle', 333], ['idle', 332], ['idle', 6], ['idle', 99], ['idle', 98], ['idle', 91], ['idle', 90], ['idle', 93], ['idle', 92], ['idle', 95], ['idle', 94], ['idle', 97], ['idle', 96], ['idle', 559], ['idle', 558], ['idle', 555], ['idle', 554], ['idle', 557], ['idle', 556], ['idle', 551], ['idle', 550], ['idle', 553], ['idle', 552], ['idle', 238], ['idle', 239], ['idle', 234], ['idle', 235], ['idle', 236], ['idle', 237], ['idle', 230], ['idle', 231], ['idle', 232], ['idle', 233], ['idle', 1], ['idle', 614], ['idle', 146], ['idle', 147], ['idle', 144], ['idle', 145], ['idle', 142], ['idle', 143], ['idle', 140], ['idle', 141], ['idle', 612], ['idle', 613], ['idle', 610], ['idle', 611], ['idle', 616], ['idle', 617], ['idle', 148], ['idle', 149], ['idle', 689], ['idle', 688], ['idle', 685], ['idle', 684], ['idle', 687], ['idle', 686], ['idle', 681], ['idle', 680], ['idle', 683], ['idle', 682], ['idle', 623], ['idle', 622], ['idle', 133], ['idle', 132], ['idle', 131], ['idle', 130], ['idle', 137], ['idle', 136], ['idle', 135], ['idle', 134], ['idle', 494], ['idle', 495], ['idle', 139], ['idle', 138], ['idle', 490], ['idle', 491], ['idle', 492], ['idle', 493], ['idle', 24], ['idle', 25], ['idle', 26], ['idle', 27], ['idle', 20], ['idle', 21], ['idle', 22], ['idle', 23], ['idle', 28], ['idle', 29], ['idle', 407], ['idle', 406], ['idle', 405], ['idle', 404], ['idle', 403], ['idle', 402], ['idle', 401], ['idle', 400], ['idle', 629], ['idle', 409], ['idle', 408], ['idle', 628], ['idle', 379], ['idle', 378], ['idle', 371], ['idle', 370], ['idle', 373], ['idle', 372], ['idle', 375], ['idle', 374], ['idle', 377], ['idle', 376], ['idle', 708], ['idle', 709], ['idle', 704], ['idle', 705], ['idle', 706], ['idle', 707], ['idle', 700], ['idle', 618], ['idle', 702], ['idle', 703], ['idle', 393], ['idle', 392], ['idle', 88], ['idle', 89], ['idle', 397], ['idle', 396], ['idle', 395], ['idle', 394], ['idle', 82], ['idle', 83], ['idle', 80], ['idle', 81], ['idle', 86], ['idle', 87], ['idle', 84], ['idle', 85], ['idle', 7], ['idle', 601], ['idle', 607], ['idle', 586], ['idle', 587], ['idle', 584], ['idle', 585], ['idle', 582], ['idle', 583], ['idle', 580], ['idle', 581], ['idle', 588], ['idle', 589], ['idle', 245], ['idle', 244], ['idle', 247], ['idle', 246], ['idle', 241], ['idle', 240], ['idle', 243], ['idle', 242], ['idle', 615], ['idle', 249], ['idle', 248], ['idle', 519], ['idle', 518], ['idle', 511], ['idle', 510], ['idle', 513], ['idle', 512], ['idle', 515], ['idle', 514], ['idle', 517], ['idle', 516], ['idle', 458], ['idle', 459], ['idle', 621], ['idle', 620], ['idle', 627], ['idle', 626], ['idle', 625], ['idle', 624], ['idle', 450], ['idle', 451], ['idle', 452], ['idle', 453], ['idle', 454], ['idle', 455], ['idle', 456], ['idle', 457], ['idle', 179], ['idle', 178], ['idle', 177], ['idle', 176], ['idle', 175], ['idle', 174], ['idle', 173], ['idle', 172], ['idle', 171], ['idle', 170], ['idle', 656], ['idle', 657], ['idle', 654], ['idle', 253], ['idle', 182], ['idle', 183], ['idle', 180], ['idle', 181], ['idle', 186], ['idle', 187], ['idle', 184], ['idle', 185], ['idle', 652], ['idle', 188], ['idle', 189], ['idle', 658], ['idle', 653], ['idle', 650], ['idle', 651], ['idle', 11], ['idle', 10], ['idle', 13], ['idle', 12], ['idle', 15], ['idle', 14], ['idle', 17], ['idle', 16], ['idle', 19], ['idle', 18], ['idle', 659], ['idle', 62], ['idle', 322], ['idle', 323], ['idle', 320], ['idle', 321], ['idle', 326], ['idle', 327], ['idle', 324], ['idle', 325], ['idle', 328], ['idle', 329], ['idle', 201], ['idle', 200], ['idle', 203], ['idle', 202], ['idle', 205], ['idle', 204], ['idle', 207], ['idle', 206], ['idle', 209], ['idle', 208], ['idle', 77], ['idle', 76], ['idle', 75], ['idle', 74], ['idle', 73], ['idle', 72], ['idle', 71], ['idle', 70], ['idle', 655], ['idle', 79], ['idle', 78], ['idle', 2], ['idle', 669], ['idle', 668], ['idle', 667], ['idle', 666], ['idle', 665], ['idle', 664], ['idle', 663], ['idle', 662], ['idle', 661], ['idle', 660], ['idle', 692], ['idle', 693], ['idle', 690], ['idle', 691], ['idle', 696], ['idle', 697], ['idle', 694], ['idle', 695], ['idle', 698], ['idle', 699], ['idle', 542], ['idle', 543], ['idle', 540], ['idle', 541], ['idle', 546], ['idle', 547], ['idle', 544], ['idle', 545], ['idle', 8], ['idle', 548], ['idle', 549], ['idle', 68], ['idle', 598], ['idle', 120], ['idle', 121], ['idle', 122], ['idle', 123], ['idle', 124], ['idle', 125], ['idle', 126], ['idle', 127], ['idle', 128], ['idle', 129], ['idle', 414], ['idle', 415], ['idle', 416], ['idle', 417], ['idle', 410], ['idle', 411], ['idle', 412], ['idle', 413], ['idle', 498], ['idle', 418], ['idle', 419], ['idle', 499], ['idle', 319], ['idle', 318], ['idle', 313], ['idle', 312], ['idle', 311], ['idle', 310], ['idle', 317], ['idle', 316], ['idle', 315], ['idle', 314], ['idle', 496], ['idle', 497], ['idle', 3], ['idle', 368], ['idle', 369], ['idle', 366], ['idle', 367], ['idle', 364], ['idle', 365], ['idle', 362], ['idle', 363], ['idle', 360], ['idle', 361], ['idle', 380], ['idle', 381], ['idle', 382], ['idle', 383], ['idle', 384], ['idle', 385], ['idle', 386], ['idle', 387], ['idle', 388], ['idle', 389], ['idle', 605], ['idle', 579], ['idle', 578], ['idle', 604], ['idle', 573], ['idle', 572], ['idle', 571], ['idle', 570], ['idle', 577], ['idle', 576], ['idle', 575], ['idle', 574], ['idle', 60], ['idle', 61], ['idle', 258], ['idle', 259], ['idle', 64], ['idle', 65], ['idle', 66], ['idle', 67], ['idle', 252], ['idle', 69], ['idle', 250], ['idle', 251], ['idle', 256], ['idle', 257], ['idle', 254], ['idle', 255], ['idle', 603], ['idle', 602], ['idle', 508], ['idle', 509], ['idle', 506], ['idle', 507], ['idle', 504], ['idle', 505], ['idle', 502], ['idle', 503], ['idle', 500], ['idle', 501], ['idle', 630], ['idle', 631], ['idle', 632], ['idle', 633], ['idle', 469], ['idle', 468], ['idle', 636], ['idle', 637], ['idle', 465], ['idle', 464], ['idle', 467], ['idle', 466], ['idle', 461], ['idle', 460], ['idle', 463], ['idle', 462], ['idle', 168], ['idle', 169], ['idle', 164], ['idle', 165], ['idle', 166], ['idle', 167], ['idle', 160], ['idle', 161], ['idle', 162], ['idle', 163], ['idle', 600], ['idle', 9], ['idle', 647], ['idle', 646], ['idle', 649], ['idle', 648], ['idle', 357], ['idle', 356], ['idle', 355], ['idle', 354], ['idle', 353], ['idle', 352], ['idle', 351], ['idle', 350], ['idle', 359], ['idle', 358], ['idle', 216], ['idle', 217], ['idle', 214], ['idle', 215], ['idle', 212], ['idle', 213], ['idle', 210], ['idle', 211], ['idle', 218], ['idle', 219], ['idle', 289], ['idle', 288], ['idle', 4], ['idle', 281], ['idle', 280], ['idle', 283], ['idle', 282], ['idle', 285], ['idle', 284], ['idle', 287], ['idle', 286], ['idle', 678], ['idle', 679], ['idle', 674], ['idle', 675], ['idle', 676], ['idle', 677], ['idle', 670], ['idle', 671], ['idle', 672], ['idle', 673], ['idle', 263], ['idle', 262], ['idle', 261], ['idle', 260], ['idle', 267], ['idle', 266], ['idle', 265], ['idle', 264], ['idle', 269], ['idle', 268], ['idle', 701], ['idle', 59], ['idle', 58], ['idle', 55], ['idle', 54], ['idle', 57], ['idle', 56], ['idle', 51], ['idle', 50], ['idle', 53], ['idle', 52], ['idle', 537], ['idle', 536], ['idle', 535], ['idle', 63], ['idle', 533], ['idle', 532], ['idle', 531], ['idle', 530], ['idle', 539], ['idle', 538], ['idle', 115], ['idle', 114], ['idle', 117], ['idle', 116], ['idle', 111], ['idle', 110], ['idle', 113], ['idle', 112], ['idle', 119], ['idle', 118], ['idle', 429], ['idle', 428], ['idle', 534], ['idle', 421], ['idle', 420], ['idle', 423], ['idle', 422], ['idle', 425], ['idle', 424], ['idle', 427], ['idle', 426], ['idle', 308], ['idle', 309], ['idle', 300], ['idle', 301], ['idle', 302], ['idle', 303], ['idle', 304], ['idle', 305], ['idle', 306], ['idle', 307], ['idle', 568], ['idle', 569], ['idle', 560], ['idle', 561], ['idle', 562], ['idle', 563], ['idle', 564], ['idle', 565], ['idle', 566], ['idle', 567], ['idle', 229], ['idle', 228], ['idle', 227], ['idle', 226], ['idle', 225], ['idle', 224], ['idle', 223], ['idle', 222], ['idle', 221], ['idle', 220], ['idle', 391], ['idle', 390], ['idle', 151], ['idle', 150], ['idle', 153], ['idle', 152], ['idle', 155], ['idle', 154], ['idle', 157], ['idle', 156], ['idle', 159], ['idle', 158], ['idle', 609], ['idle', 608], ['idle', 634], ['idle', 399], ['idle', 635], ['idle', 398], ['idle', 48], ['idle', 49], ['idle', 46], ['idle', 47], ['idle', 44], ['idle', 45], ['idle', 42], ['idle', 43], ['idle', 40], ['idle', 41], ['idle', 638], ['idle', 5], ['idle', 639], ['idle', 489], ['idle', 488], ['idle', 487], ['idle', 486], ['idle', 485], ['idle', 484], ['idle', 483], ['idle', 482], ['idle', 481], ['idle', 480], ['idle', 472], ['idle', 473], ['idle', 470], ['idle', 471], ['idle', 476], ['idle', 477], ['idle', 474], ['idle', 475], ['idle', 478], ['idle', 479]]}
INFO 2016-10-26 14:36:27,540: 	 CRAB project directory:		/uscms_data/d3/clint/using_git/JetTagging/CMSSW_8_0_14/src/JetInfo/JetConstAnalyzer/python/crab/crab_projects/crab_JetTagging-TTbar
INFO 2016-10-26 14:36:27,540: 	 Task name:			161026_192812:clint_crab_JetTagging-TTbar
INFO 2016-10-26 14:36:27,541: 	 Grid scheduler:			crab3@vocms0106.cern.ch
INFO 2016-10-26 14:36:27,541: 	 Task status:			SUBMITTED
INFO 2016-10-26 14:36:27,541: 	 Dashboard monitoring URL:	http://dashb-cms-job.cern.ch/dashboard/templates/task-analysis/#user=clint&table=Mains&pattern=161026_192812%3Aclint_crab_JetTagging-TTbar
INFO 2016-10-26 14:36:27,541: 	 
Jobs status:			idle          100.0% (715/715)
INFO 2016-10-26 14:36:27,541: 	 
No publication information available yet
INFO 2016-10-26 14:36:27,547: 	 Log file is /uscms_data/d3/clint/using_git/JetTagging/CMSSW_8_0_14/src/JetInfo/JetConstAnalyzer/python/crab/crab_projects/crab_JetTagging-TTbar/crab.log
